<?xml version="1.0" encoding="UTF-8"?>
<testsuite name="se.sdaproject.LinkedListTests" tests="1" skipped="0" failures="0" errors="0" timestamp="2021-03-09T11:50:44" hostname="Yazans-MacBook-Pro.local" time="0.014">
  <properties/>
  <testcase name="testRemoveElementFirst()" classname="se.sdaproject.LinkedListTests" time="0.014"/>
  <system-out><![CDATA[]]></system-out>
  <system-err><![CDATA[]]></system-err>
</testsuite>
